<?xml version="1.0" encoding="UTF-8"?>
<!-- Generated by org.testng.reporters.JUnitXMLReporter -->
<testsuite ignored="0" hostname="DESKTOP-N6A5O2E" failures="0" tests="5" name="Surefire test" time="6.685" errors="0" timestamp="2024-03-28T19:11:59 CET">
  <testcase classname="EComApp.E2ETest" name="GenerateAccessToken" time="3.351"/>
  <testcase classname="EComApp.E2ETest" name="CreateProduct" time="1.584"/>
  <testcase classname="EComApp.E2ETest" name="CreateOrder" time="0.627"/>
  <testcase classname="EComApp.E2ETest" name="GetOrderDetails" time="0.526"/>
  <testcase classname="EComApp.E2ETest" name="DeleteProduct" time="0.532"/>
</testsuite> <!-- Surefire test -->
