<?xml version="1.0" encoding="UTF-8"?>
<testng-results ignored="0" total="5" passed="5" failed="0" skipped="0">
  <reporter-output>
  </reporter-output>
  <suite started-at="2024-03-28T19:11:52 CET" name="Surefire suite" finished-at="2024-03-28T19:11:59 CET" duration-ms="6685">
    <groups>
    </groups>
    <test started-at="2024-03-28T19:11:52 CET" name="Surefire test" finished-at="2024-03-28T19:11:59 CET" duration-ms="6685">
      <class name="EComApp.E2ETest">
        <test-method signature="GenerateAccessToken()[pri:0, instance:EComApp.E2ETest@30b7c004]" started-at="2024-03-28T19:11:52 CET" name="GenerateAccessToken" finished-at="2024-03-28T19:11:56 CET" duration-ms="3351" status="PASS">
          <reporter-output>
          </reporter-output>
        </test-method> <!-- GenerateAccessToken -->
        <test-method signature="CreateProduct()[pri:0, instance:EComApp.E2ETest@30b7c004]" started-at="2024-03-28T19:11:56 CET" name="CreateProduct" finished-at="2024-03-28T19:11:57 CET" depends-on-methods="EComApp.E2ETest.GenerateAccessToken" duration-ms="1584" status="PASS">
          <reporter-output>
          </reporter-output>
        </test-method> <!-- CreateProduct -->
        <test-method signature="CreateOrder()[pri:0, instance:EComApp.E2ETest@30b7c004]" started-at="2024-03-28T19:11:57 CET" name="CreateOrder" finished-at="2024-03-28T19:11:58 CET" depends-on-methods="EComApp.E2ETest.CreateProduct" duration-ms="627" status="PASS">
          <reporter-output>
          </reporter-output>
        </test-method> <!-- CreateOrder -->
        <test-method signature="GetOrderDetails()[pri:0, instance:EComApp.E2ETest@30b7c004]" started-at="2024-03-28T19:11:58 CET" name="GetOrderDetails" finished-at="2024-03-28T19:11:58 CET" depends-on-methods="EComApp.E2ETest.CreateOrder" duration-ms="526" status="PASS">
          <reporter-output>
          </reporter-output>
        </test-method> <!-- GetOrderDetails -->
        <test-method signature="DeleteProduct()[pri:0, instance:EComApp.E2ETest@30b7c004]" started-at="2024-03-28T19:11:58 CET" name="DeleteProduct" finished-at="2024-03-28T19:11:59 CET" depends-on-methods="EComApp.E2ETest.GetOrderDetails" duration-ms="532" status="PASS">
          <reporter-output>
          </reporter-output>
        </test-method> <!-- DeleteProduct -->
      </class> <!-- EComApp.E2ETest -->
    </test> <!-- Surefire test -->
  </suite> <!-- Surefire suite -->
</testng-results>
