<?xml version="1.0" encoding="UTF-8"?>
<testsuite xmlns:xsi="http://www.w3.org/2001/XMLSchema-instance" xsi:noNamespaceSchemaLocation="https://maven.apache.org/surefire/maven-surefire-plugin/xsd/surefire-test-report-3.0.xsd" version="3.0" name="TestSuite" time="16.358" tests="5" errors="0" skipped="0" failures="0">
  <properties>
[...]
</properties>
  <testcase name="GenerateAccessToken" classname="EComApp.E2ETest" time="3.352">
    <system-err><![CDATA[SLF4J: Failed to load class "org.slf4j.impl.StaticLoggerBinder".
SLF4J: Defaulting to no-operation (NOP) logger implementation
SLF4J: See http://www.slf4j.org/codes.html#StaticLoggerBinder for further details.
]]></system-err>
  </testcase>
  <testcase name="CreateProduct" classname="EComApp.E2ETest" time="1.584"/>
  <testcase name="CreateOrder" classname="EComApp.E2ETest" time="0.627"/>
  <testcase name="GetOrderDetails" classname="EComApp.E2ETest" time="0.525"/>
  <testcase name="DeleteProduct" classname="EComApp.E2ETest" time="0.531"/>
</testsuite>